c:\disk_d\fall\numerical_methods\lab_03\lab_03_nm\lab_03_nm\x64\debug\vc143.pdb
c:\disk_d\fall\numerical_methods\lab_03\lab_03_nm\lab_03_nm\x64\debug\vc143.idb
c:\disk_d\fall\numerical_methods\lab_03\lab_03_nm\lab_03_nm\x64\debug\lab_03_nm.obj
c:\disk_d\fall\numerical_methods\lab_03\lab_03_nm\x64\debug\lab_03_nm.pdb
c:\disk_d\fall\numerical_methods\lab_03\lab_03_nm\lab_03_nm\x64\debug\lab_03_nm.tlog\cl.command.1.tlog
c:\disk_d\fall\numerical_methods\lab_03\lab_03_nm\lab_03_nm\x64\debug\lab_03_nm.tlog\cl.read.1.tlog
c:\disk_d\fall\numerical_methods\lab_03\lab_03_nm\lab_03_nm\x64\debug\lab_03_nm.tlog\cl.write.1.tlog
c:\disk_d\fall\numerical_methods\lab_03\lab_03_nm\lab_03_nm\x64\debug\lab_03_nm.tlog\link-cvtres.read.1.tlog
c:\disk_d\fall\numerical_methods\lab_03\lab_03_nm\lab_03_nm\x64\debug\lab_03_nm.tlog\link-cvtres.write.1.tlog
c:\disk_d\fall\numerical_methods\lab_03\lab_03_nm\lab_03_nm\x64\debug\lab_03_nm.tlog\link-rc.read.1.tlog
c:\disk_d\fall\numerical_methods\lab_03\lab_03_nm\lab_03_nm\x64\debug\lab_03_nm.tlog\link-rc.write.1.tlog
c:\disk_d\fall\numerical_methods\lab_03\lab_03_nm\lab_03_nm\x64\debug\lab_03_nm.tlog\link.7080-cvtres.read.1.tlog
c:\disk_d\fall\numerical_methods\lab_03\lab_03_nm\lab_03_nm\x64\debug\lab_03_nm.tlog\link.7080-cvtres.write.1.tlog
c:\disk_d\fall\numerical_methods\lab_03\lab_03_nm\lab_03_nm\x64\debug\lab_03_nm.tlog\link.7080-rc.read.1.tlog
c:\disk_d\fall\numerical_methods\lab_03\lab_03_nm\lab_03_nm\x64\debug\lab_03_nm.tlog\link.7080-rc.write.1.tlog
c:\disk_d\fall\numerical_methods\lab_03\lab_03_nm\lab_03_nm\x64\debug\lab_03_nm.tlog\link.7080.read.1.tlog
c:\disk_d\fall\numerical_methods\lab_03\lab_03_nm\lab_03_nm\x64\debug\lab_03_nm.tlog\link.7080.read.2.tlog
c:\disk_d\fall\numerical_methods\lab_03\lab_03_nm\lab_03_nm\x64\debug\lab_03_nm.tlog\link.7080.write.1.tlog
c:\disk_d\fall\numerical_methods\lab_03\lab_03_nm\lab_03_nm\x64\debug\lab_03_nm.tlog\link.command.1.tlog
c:\disk_d\fall\numerical_methods\lab_03\lab_03_nm\lab_03_nm\x64\debug\lab_03_nm.tlog\link.read.1.tlog
c:\disk_d\fall\numerical_methods\lab_03\lab_03_nm\lab_03_nm\x64\debug\lab_03_nm.tlog\link.read.2.tlog
c:\disk_d\fall\numerical_methods\lab_03\lab_03_nm\lab_03_nm\x64\debug\lab_03_nm.tlog\link.write.1.tlog
